<?xml version="1.0" encoding="UTF-8"?>
<!-- Generated by org.testng.reporters.JUnitReportReporter -->
<testsuite hostname="DESKTOP-7EUDCAL" failures="0" tests="7" name="com.ninja.testcases.LoginTest" time="65.928" errors="0" timestamp="2023-03-22T22:29:42 GMT-04:00" skipped="0">
  <testcase classname="com.ninja.testcases.LoginTest" name="verfiyValidLogin" time="12.071"/>
  <system-out/>
  <testcase classname="com.ninja.testcases.LoginTest" name="verfiyValidLogin" time="8.951"/>
  <system-out/>
  <testcase classname="com.ninja.testcases.LoginTest" name="verfiyValidLogin" time="9.090"/>
  <system-out/>
  <testcase classname="com.ninja.testcases.LoginTest" name="verfiyValidLogin" time="9.077"/>
  <system-out/>
  <testcase classname="com.ninja.testcases.LoginTest" name="verfiyValidLogin" time="9.151"/>
  <system-out/>
  <testcase classname="com.ninja.testcases.LoginTest" name="validateWithoutCredentials" time="8.675"/>
  <system-out/>
  <testcase classname="com.ninja.testcases.LoginTest" name="verifyLoginWithInvalidCredentials" time="8.913"/>
  <system-out/>
</testsuite> <!-- com.ninja.testcases.LoginTest -->
