<?xml version="1.0" encoding="UTF-8"?>
<!-- Generated by org.testng.reporters.JUnitReportReporter -->
<testsuite hostname="DESKTOP-7EUDCAL" failures="0" tests="7" name="com.ninja.testcases.LoginTest" time="64.472" errors="0" timestamp="2023-03-22T22:41:19 GMT-04:00" skipped="0">
  <testcase classname="com.ninja.testcases.LoginTest" name="verfiyValidLogin" time="9.470"/>
  <system-out/>
  <testcase classname="com.ninja.testcases.LoginTest" name="verfiyValidLogin" time="9.312"/>
  <system-out/>
  <testcase classname="com.ninja.testcases.LoginTest" name="verfiyValidLogin" time="7.670"/>
  <system-out/>
  <testcase classname="com.ninja.testcases.LoginTest" name="verfiyValidLogin" time="14.611"/>
  <system-out/>
  <testcase classname="com.ninja.testcases.LoginTest" name="verfiyValidLogin" time="7.995"/>
  <system-out/>
  <testcase classname="com.ninja.testcases.LoginTest" name="validateWithoutCredentials" time="7.946"/>
  <system-out/>
  <testcase classname="com.ninja.testcases.LoginTest" name="verifyLoginWithInvalidCredentials" time="7.468"/>
  <system-out/>
</testsuite> <!-- com.ninja.testcases.LoginTest -->
